<?xml version="1.0" encoding="UTF-8"?>
<!-- Generated by org.testng.reporters.JUnitReportReporter -->
<testsuite hostname="LAPTOP-274IQSMN" failures="0" tests="2" name="testcases.logintest" time="13.096" errors="0" timestamp="2022-02-09T16:58:42 EST" skipped="0">
  <testcase classname="testcases.logintest" name="loginTest" time="10.993"/>
  <system-out/>
  <testcase classname="testcases.logintest" name="loginTest" time="2.103"/>
  <system-out/>
</testsuite> <!-- testcases.logintest -->
