<?xml version="1.0" encoding="UTF-8"?>
<!-- Generated by org.testng.reporters.JUnitReportReporter -->
<testsuite hostname="LAPTOP-274IQSMN" failures="0" tests="7" name="testcases.testchecks" time="33.290" errors="0" timestamp="2022-02-05T21:55:19 EST" skipped="0">
  <testcase classname="testcases.testchecks" name="treescheck" time="7.027"/>
  <system-out/>
  <testcase classname="testcases.testchecks" name="linkedlistcheck" time="5.551"/>
  <system-out/>
  <testcase classname="testcases.testchecks" name="arrayscheck" time="5.346"/>
  <system-out/>
  <testcase classname="testcases.testchecks" name="datastructurescheck" time="3.943"/>
  <system-out/>
  <testcase classname="testcases.testchecks" name="queuescheck" time="4.253"/>
  <system-out/>
  <testcase classname="testcases.testchecks" name="stackscheck" time="3.787"/>
  <system-out/>
  <testcase classname="testcases.testchecks" name="graphscheck" time="3.383"/>
  <system-out/>
</testsuite> <!-- testcases.testchecks -->
